<?xml version="1.0" encoding="UTF-8"?>
<!-- Generated by org.testng.reporters.JUnitReportReporter -->
<testsuite hostname="Anshana" failures="0" tests="4" name="executePageClasses.LoginPageTestClass" time="52.218" errors="0" timestamp="2024-01-29T09:59:08 IST" skipped="0">
  <testcase classname="executePageClasses.LoginPageTestClass" name="verifySuccessfulLogin" time="16.160"/>
  <testcase classname="executePageClasses.LoginPageTestClass" name="verifyUnSuccessfulLogin" time="13.502"/>
  <testcase classname="executePageClasses.LoginPageTestClass" name="verifyUnSuccessfulLogin" time="9.963"/>
  <testcase classname="executePageClasses.LoginPageTestClass" name="verifyUnSuccessfulLogin" time="12.593"/>
</testsuite> <!-- executePageClasses.LoginPageTestClass -->
